
=== Reward ===
/data/Luna1/Raw/Physio/organized/Reward/
	->
/data/Luna1/Reward/Physio/

=== MultiModal ===
/data/Luna1/Raw/Physio/organized/MultiModal/
	->
/data/Luna1/MultiModal/Physio/
run 10616/20131023
run 10626/20131030
run 10637/20140304
run 10638/20140507
run 10662/20130509
run 10662/20140415
run 10711/20140826
run 10717/20140813
run 10767/20140814
run 10772/20140527
run 10796/20130826
run 10811/20140721
run 10814/20140623
run 10822/20140619
run 10891/20140728
run 10895/20111117
run 10895/20130201
run 10895/20131204
run 10913/2012010
/data/Luna1/Raw/MultiModal/10913_2012010/ DNE
run 10923/20120119
run 10927/20130405
run 10931/20130219
run 10939/20120222
run 10945/20130311
no physio in /data/Luna1/Raw/Physio/organized/MultiModal/10945/20130311//*resp
run 10952/20120315
/data/Luna1/Raw/MultiModal/10952_20120315/ DNE
run 10955/20120326
run 10997/20120523
run 10997/20140308
run 11027/20130316
run 11046/20130211
no physio in /data/Luna1/Raw/Physio/organized/MultiModal/11046/20130211//*resp
run 11125/20130208
run 11126/20130211
run 11131/20130214
run 11162/20140717
run 11165/20130513
run 11178/20140310
run 11196/20130711
run 11228/20140922
run 11229/20131119
run 11229/20140521
run 11243/20140130
run 11246/20140208
run 11250/20140228
run 11252/20140213
run 11255/20140227
run 11256/20140314
run 11262/20140331
run 11263/20140307
run 11265/20141006
run 11274/20140603
run 11275/20140527
run 11278/20140519
run 11280/20140905
run 11281/20140416
run 11287/20140528
run 11288/20140602
run 11298/20140702
run 11302/20140919
run 11304/20140812
run 11305/20140805
run 11310/20140731
run 11313/20140918
run 11314/20140916
run 11317/20140829
run 11321/20140925
/data/Luna1/Raw/MultiModal/11321_20140925/ DNE
run 11322/20140904
run 11325/20141007
run 11326/20140922

ans = 

    s10616_20131023: 'fail'
    s10626_20131030: 'fail'
    s10637_20140304: 'fail'
    s10638_20140507: 'fail'
    s10662_20130509: 'fail'
    s10662_20140415: 'fail'
    s10711_20140826: 'fail'
    s10717_20140813: 'fail'
    s10767_20140814: 'fail'
    s10772_20140527: 'fail'
    s10796_20130826: 'fail'
    s10811_20140721: 'fail'
    s10814_20140623: 'fail'
    s10822_20140619: 'fail'
    s10891_20140728: 'fail'
    s10895_20111117: 'fail'
    s10895_20130201: 'fail'
    s10895_20131204: 'fail'
     s10913_2012010: '/data/Luna1/Raw/MultiModal/10913_2012010/ DNE'
    s10923_20120119: 'fail'
    s10927_20130405: 'fail'
    s10931_20130219: 'fail'
    s10939_20120222: 'fail'
    s10945_20130311: [1x78 char]
    s10952_20120315: '/data/Luna1/Raw/MultiModal/10952_20120315/ DNE'
    s10955_20120326: 'fail'
    s10997_20120523: 'fail'
    s10997_20140308: 'fail'
    s11027_20130316: 'fail'
    s11046_20130211: [1x78 char]
    s11125_20130208: 'fail'
    s11126_20130211: 'fail'
    s11131_20130214: 'fail'
    s11162_20140717: 'fail'
    s11165_20130513: 'fail'
    s11178_20140310: 'fail'
    s11196_20130711: 'fail'
    s11228_20140922: 'fail'
    s11229_20131119: 'fail'
    s11229_20140521: 'fail'
    s11243_20140130: 'fail'
    s11246_20140208: 'fail'
    s11250_20140228: 'fail'
    s11252_20140213: 'fail'
    s11255_20140227: 'fail'
    s11256_20140314: 'fail'
    s11262_20140331: 'fail'
    s11263_20140307: 'fail'
    s11265_20141006: 'fail'
    s11274_20140603: 'fail'
    s11275_20140527: 'fail'
    s11278_20140519: 'fail'
    s11280_20140905: 'fail'
    s11281_20140416: 'fail'
    s11287_20140528: 'fail'
    s11288_20140602: 'fail'
    s11298_20140702: 'fail'
    s11302_20140919: 'fail'
    s11304_20140812: 'fail'
    s11305_20140805: 'fail'
    s11310_20140731: 'fail'
    s11313_20140918: 'fail'
    s11314_20140916: 'fail'
    s11317_20140829: 'fail'
    s11321_20140925: '/data/Luna1/Raw/MultiModal/11321_20140925/ DNE'
    s11322_20140904: 'fail'
    s11325_20141007: 'fail'
    s11326_20140922: 'fail'


=== WorkingMemory ===
/data/Luna1/Raw/Physio/organized/WorkingMemory/
	->
/data/Luna1/WorkingMemory/Physio/
run 10916/20140924
run 10933/20120206
no physio in /data/Luna1/Raw/Physio/organized/WorkingMemory/10933/20120206//*resp
run 10979/20120430
no physio in /data/Luna1/Raw/Physio/organized/WorkingMemory/10979/20120430//*puls
run 10994/20120521
/data/Luna1/Raw/WorkingMemory/10994_20120521/ DNE
run 11000/20120525
no physio in /data/Luna1/Raw/Physio/organized/WorkingMemory/11000/20120525//*resp
run 11045/20120815
run 11049/20120822
no physio in /data/Luna1/Raw/Physio/organized/WorkingMemory/11049/20120822//*resp
run 11050/20121009
/data/Luna1/Raw/WorkingMemory/11050_20121009/ DNE
run 11077/20121109
/data/Luna1/Raw/WorkingMemory/11077_20121109/ DNE
run 11079/20121113
/data/Luna1/Raw/WorkingMemory/11079_20121113/ DNE
run 11080/20121114
run 11085/20121120
run 11092/20121208
run 11117/20130124
/data/Luna1/Raw/WorkingMemory/11117_20130124/ DNE
run 11182/20130620
run 11200/20130724
/data/Luna1/Raw/WorkingMemory/11200_20130724/ DNE
run 11201/20130725
run 11222/20131028
run 11223/20131030
run 11225/20131104
run 11231/20131121
run 11240/20140106
run 11260/20140222

ans = 

    s10916_20140924: 'fail'
    s10933_20120206: [1x81 char]
    s10979_20120430: [1x81 char]
    s10994_20120521: '/data/Luna1/Raw/WorkingMemory/10994_20120521/ DNE'
    s11000_20120525: [1x81 char]
    s11045_20120815: 'fail'
    s11049_20120822: [1x81 char]
    s11050_20121009: '/data/Luna1/Raw/WorkingMemory/11050_20121009/ DNE'
    s11077_20121109: '/data/Luna1/Raw/WorkingMemory/11077_20121109/ DNE'
    s11079_20121113: '/data/Luna1/Raw/WorkingMemory/11079_20121113/ DNE'
    s11080_20121114: 'fail'
    s11085_20121120: 'fail'
    s11092_20121208: 'fail'
    s11117_20130124: '/data/Luna1/Raw/WorkingMemory/11117_20130124/ DNE'
    s11182_20130620: 'fail'
    s11200_20130724: '/data/Luna1/Raw/WorkingMemory/11200_20130724/ DNE'
    s11201_20130725: 'fail'
    s11222_20131028: 'fail'
    s11223_20131030: 'fail'
    s11225_20131104: 'fail'
    s11231_20131121: 'fail'
    s11240_20140106: 'fail'
    s11260_20140222: 'fail'

